MPASM  5.51                    16F887TEMP.ASM   10-10-2016  12:39:24         PAGE  1


LOC  OBJECT CODE     LINE SOURCE TEXT
  VALUE

                      00001 ;**********************************************************************
                      00002 ;   This file is a basic code template for assembly code generation   *
                      00003 ;   on the PIC16F887. This file contains the basic code               *
                      00004 ;   building blocks to build upon.                                    *
                      00005 ;                                                                     *
                      00006 ;   Refer to the MPASM User's Guide for additional information on     *
                      00007 ;   features of the assembler (Document DS33014).                     *
                      00008 ;                                                                     *
                      00009 ;   Refer to the respective PIC data sheet for additional             *
                      00010 ;   information on the instruction set.                               *
                      00011 ;                                                                     *
                      00012 ;**********************************************************************
                      00013 ;                                                                     *
                      00014 ;    Filename:      xxx.asm                                           *
                      00015 ;    Date:                                                            *
                      00016 ;    File Version:                                                    *
                      00017 ;                                                                     *
                      00018 ;    Author:                                                          *
                      00019 ;    Company:                                                         *
                      00020 ;                                                                     *
                      00021 ;                                                                     *
                      00022 ;**********************************************************************
                      00023 ;                                                                     *
                      00024 ;    Files Required: P16F887.INC                                      *
                      00025 ;                                                                     *
                      00026 ;**********************************************************************
                      00027 ;                                                                     *
                      00028 ;    Notes:                                                           *
                      00029 ;                                                                     *
                      00030 ;**********************************************************************
                      00031 
                      00032 
                      00033         list            p=16f887        ; list directive to define processor
                      00034         #include        <p16f887.inc>   ; processor specific variable definitions
                      00001         LIST
                      00002 
                      00003 ;==========================================================================
                      00004 ;  MPASM PIC16F887 processor include
                      00005 ; 
                      00006 ;  (c) Copyright 1999-2013 Microchip Technology, All rights reserved
                      00007 ;==========================================================================
                      00008 
                      00809         LIST
                      00035 
                      00036 
                      00037 ; '__CONFIG' directive is used to embed configuration data within .asm file.
                      00038 ; The labels following the directive are located in the respective .inc file.
                      00039 ; See respective data sheet for additional information on configuration word.
                      00040 
2007   28E4           00041         __CONFIG    _CONFIG1, _LVP_OFF & _FCMEN_ON & _IESO_OFF & _BOR_OFF & _CPD_OFF & _CP_OFF & _MCLRE_
                            ON & _PWRTE_ON & _WDT_OFF & _INTRC_OSC_NOCLKOUT
2008   3EFF           00042         __CONFIG    _CONFIG2, _WRT_OFF & _BOR21V
                      00043 
MPASM  5.51                    16F887TEMP.ASM   10-10-2016  12:39:24         PAGE  2


LOC  OBJECT CODE     LINE SOURCE TEXT
  VALUE

                      00044 
                      00045 
                      00046 ;***** VARIABLE DEFINITIONS
  00000020            00047 REG1            EQU     0x20            ;registro usado en subrutina 1 seg
  00000021            00048 REG2            EQU     0x21            ;
  00000022            00049 REG3            EQU     0x22            ;
  00000023            00050 conv            EQU     0x23            ;
                      00051 
  0000007D            00052 w_temp          EQU     0x7D            ; variable used for context saving
  0000007E            00053 status_temp     EQU     0x7E            ; variable used for context saving
  0000007F            00054 pclath_temp     EQU     0x7F            ; variable used for context saving
                      00055 
                      00056 
                      00057 ;**********************************************************************
                      00058         ORG     0x000             ; processor reset vector
                      00059 
0000   0000           00060         nop
0001   2???           00061         goto    main              ; go to beginning of program
                      00062 
                      00063 
                      00064         ORG     0x004             ; interrupt vector location
                      00065 
0004   00FD           00066         movwf   w_temp            ; save off current W register contents
0005   0803           00067         movf    STATUS,w          ; move status register into W register
0006   00FE           00068         movwf   status_temp       ; save off contents of STATUS register
0007   080A           00069         movf    PCLATH,w          ; move pclath register into w register
0008   00FF           00070         movwf   pclath_temp       ; save off contents of PCLATH register
                      00071 
                      00072 ; isr code can go here or be located as a call subroutine elsewhere
                      00073 
0009   087F           00074         movf    pclath_temp,w     ; retrieve copy of PCLATH register
000A   008A           00075         movwf   PCLATH            ; restore pre-isr PCLATH register contents
000B   087E           00076         movf    status_temp,w     ; retrieve copy of STATUS register
000C   0083           00077         movwf   STATUS            ; restore pre-isr STATUS register contents
000D   0EFD           00078         swapf   w_temp,f
000E   0E7D           00079         swapf   w_temp,w          ; restore pre-isr W register contents
000F   0009           00080         retfie                    ; return from interrupt
                      00081 
                      00082 
                      00083 
0010                  00084 main
                      00085 ;inicia bloque configuracion
0010   1683 1303      00086                 BANKSEL         TRISA           ;
Message[302]: Register in operand not in bank 0.  Ensure that bank bits are correct.
0012   0188           00087                 CLRF            TRISD           ;ajusta puerto D como salida
Message[302]: Register in operand not in bank 0.  Ensure that bank bits are correct.
0013   1405           00088                 BSF                     TRISA,0         ;RA0 como entrada
Message[302]: Register in operand not in bank 0.  Ensure that bank bits are correct.
0014   1406           00089                 BSF                     TRISB,0         ;RB0 como input
0015   1683 1703      00090                 BANKSEL         ANSEL           ;
Message[302]: Register in operand not in bank 0.  Ensure that bank bits are correct.
0017   1408           00091                 BSF                     ANSEL,0         ;ajusta RA0 como entrada analogica
Message[302]: Register in operand not in bank 0.  Ensure that bank bits are correct.
MPASM  5.51                    16F887TEMP.ASM   10-10-2016  12:39:24         PAGE  3


LOC  OBJECT CODE     LINE SOURCE TEXT
  VALUE

0018   1209           00092                 BCF                     ANSELH,4        ;RB0 como input digital
0019   1283 1303      00093                 BANKSEL         ADCON0          ;
001B   3001           00094                 MOVLW           b'00000001'     ;
001C   009F           00095                 MOVWF           ADCON0          ;
001D   0188           00096                 CLRF            PORTD           ;limpia leds
001E   3024           00097                 MOVLW           0x24            ;
001F   0084           00098                 MOVWF           FSR                     ;apunta a registro 0x24
0020   1683 1303      00099                 BANKSEL         ADCON1          ;
Message[302]: Register in operand not in bank 0.  Ensure that bank bits are correct.
0022   019F           00100                 CLRF            ADCON1          ;
                      00101 ;inicia programa
0023   2???           00102                 CALL            seg1            ;espera 1 segundo a que voltaje en canal se estabilize
0024                  00103 main3
0024   1283 1303      00104                 BANKSEL         ADCON0          ;
0026   149F           00105                 BSF                     ADCON0,1        ;inicia conversion analogica digital
0027                  00106 main1
0027   189F           00107                 BTFSC           ADCON0,1        ;
0028   2???           00108                 GOTO            main1           ;
0029   1283 1303      00109                 BANKSEL         ADRESH          ;
002B   081E           00110                 MOVF            ADRESH,0        ;contenido de adresh pasa a W
                      00111 
002C   3020           00112                 MOVLW           d'32'           ;
002D   1003           00113                 BCF                     STATUS,0        ;limpia carry
002E   021E           00114                 SUBWF           ADRESH,0        ;
002F   1C03           00115                 BTFSS           STATUS,C        ;
0030   2???           00116                 GOTO            ld0                     ;
                      00117 
0031   3040           00118                 MOVLW           d'64'           ;
0032   1003           00119                 BCF                     STATUS,0        ;limpia carry
0033   021E           00120                 SUBWF           ADRESH,0        ;
0034   1C03           00121                 BTFSS           STATUS,C        ;
0035   2???           00122                 GOTO            ld1                     ;
                      00123 
0036   3060           00124                 MOVLW           d'96'           ;
0037   1003           00125                 BCF                     STATUS,0        ;limpia carry
0038   021E           00126                 SUBWF           ADRESH,0        ;
0039   1C03           00127                 BTFSS           STATUS,C        ;
003A   2???           00128                 GOTO            ld2                     ;
                      00129 
003B   3080           00130                 MOVLW           d'128'          ;
003C   1003           00131                 BCF                     STATUS,0        ;limpia carry
003D   021E           00132                 SUBWF           ADRESH,0        ;
003E   1C03           00133                 BTFSS           STATUS,C        ;
003F   2???           00134                 GOTO            ld3                     ;
                      00135 
0040   30A0           00136                 MOVLW           d'160'          ;
0041   1003           00137                 BCF                     STATUS,0        ;limpia carry
0042   021E           00138                 SUBWF           ADRESH,0        ;
0043   1C03           00139                 BTFSS           STATUS,C        ;
0044   2???           00140                 GOTO            ld4                     ;
                      00141 
0045   30C0           00142                 MOVLW           d'192'          ;
0046   1003           00143                 BCF                     STATUS,0        ;limpia carry
MPASM  5.51                    16F887TEMP.ASM   10-10-2016  12:39:24         PAGE  4


LOC  OBJECT CODE     LINE SOURCE TEXT
  VALUE

0047   021E           00144                 SUBWF           ADRESH,0        ;
0048   1C03           00145                 BTFSS           STATUS,C        ;
0049   2???           00146                 GOTO            ld5                     ;
                      00147 
                      00148 
                      00149 
004A   0188           00150                 CLRF            PORTD           ;
004B   1688           00151                 BSF                     PORTD,5
004C   1708           00152                 BSF                     PORTD,6
004D   1788           00153                 BSF                     PORTD,7
004E   2???           00154                 CALL            ms1                     ;
004F   2???           00155                 GOTO            main2           ;
0050                  00156 ld0
0050   0188           00157                 CLRF            PORTD           ;
0051   1408           00158                 BSF                     PORTD,0         ;
0052   1488           00159                 BSF                     PORTD,1
0053   1508           00160                 BSF                     PORTD,2
0054   2???           00161                 CALL            ms1                     ;
0055   2???           00162                 GOTO            main2           ;
0056                  00163 ld1
0056   0188           00164                 CLRF            PORTD           ;
0057   1488           00165                 BSF                     PORTD,1         ;
0058   1508           00166                 BSF                     PORTD,2
0059   1588           00167                 BSF                     PORTD,3
005A   2???           00168                 CALL            ms1                     ;
005B   2???           00169                 GOTO            main2           ;
005C                  00170 ld2
005C   0188           00171                 CLRF            PORTD           ;
005D   1508           00172                 BSF                     PORTD,2         ;
005E   1588           00173                 BSF                     PORTD,3
005F   1608           00174                 BSF                     PORTD,4
0060   2???           00175                 CALL            ms1                     ;
0061   2???           00176                 GOTO            main2           ;
0062                  00177 ld3
0062   0188           00178                 CLRF            PORTD           ;
0063   1588           00179                 BSF                     PORTD,3         ;
0064   1608           00180                 BSF                     PORTD,4
0065   1688           00181                 BSF                     PORTD,5
0066   2???           00182                 CALL            ms1                     ;
0067   2???           00183                 GOTO            main2           ;
0068                  00184 ld4
0068   0188           00185                 CLRF            PORTD           ;
0069   1608           00186                 BSF                     PORTD,4         ;
006A   1688           00187                 BSF                     PORTD,5
006B   1708           00188                 BSF                     PORTD,6
006C   2???           00189                 CALL            ms1                     ;
006D   2???           00190                 GOTO            main2           ;
006E                  00191 ld5
006E   0188           00192                 CLRF            PORTD           ;
006F   1688           00193                 BSF                     PORTD,5         ;
0070   1708           00194                 BSF                     PORTD,6
0071   1788           00195                 BSF                     PORTD,7
0072   2???           00196                 CALL            ms1                     ;
MPASM  5.51                    16F887TEMP.ASM   10-10-2016  12:39:24         PAGE  5


LOC  OBJECT CODE     LINE SOURCE TEXT
  VALUE

0073   2???           00197                 GOTO            main2           ;
                      00198 
                      00199 
0074                  00200 main2
0074   1806           00201                 BTFSC           PORTB,0         ;
0075   2???           00202                 GOTO            main3           ;
0076   2???           00203                 CALL            seg1            ;
0077   1806           00204                 BTFSC           PORTB,0         ;
0078   2???           00205                 GOTO            main3           ;
0079   1103           00206                 BCF                     STATUS,Z        ;
007A   302C           00207                 MOVLW           0x2C            ;
007B   0604           00208                 XORWF           FSR,0           ;
007C   1D03           00209                 BTFSS           STATUS,Z        ;
007D   2???           00210                 GOTO            main4           ;
007E   2???           00211                 GOTO            main5           ;
007F                  00212 main4
007F   0808           00213                 MOVF            PORTD,0         ;
0080   0080           00214                 MOVWF           INDF            ;
0081   0188           00215                 CLRF            PORTD           ;
0082   2???           00216                 CALL            seg1            ;
0083   0800           00217                 MOVF            INDF,0          ;
0084   0088           00218                 MOVWF           PORTD           ;
0085   2???           00219                 CALL            seg1            ;
0086   0188           00220                 CLRF            PORTD           ;
0087   2???           00221                 CALL            seg1            ;
0088   0800           00222                 MOVF            INDF,0          ;
0089   0088           00223                 MOVWF           PORTD           ;
008A   2???           00224                 CALL            seg1            ;
008B   0A84           00225                 INCF            FSR,1           ;
008C   2???           00226                 GOTO            main3           ;
008D                  00227 main5
008D   0188           00228                 CLRF            PORTD           ;
008E   2???           00229                 CALL            seg1            ;
008F   30FF           00230                 MOVLW           0xFF            ;
0090   0088           00231                 MOVWF           PORTD           ;
0091   2???           00232                 CALL            seg1            ;
0092   0188           00233                 CLRF            PORTD           ;
0093   2???           00234                 CALL            seg1            ;
0094   30FF           00235                 MOVLW           0xFF            ;
0095   0088           00236                 MOVWF           PORTD           ;
0096   2???           00237                 CALL            seg1            ;
0097   0188           00238                 CLRF            PORTD           ;
0098   2???           00239                 CALL            seg1            ;
0099   30FF           00240                 MOVLW           0xFF            ;
009A   0088           00241                 MOVWF           PORTD           ;
009B   2???           00242                 CALL            seg1            ;apago y prendio 3 veces todo el puerto D
009C   3024           00243                 MOVLW           0x24            ;
009D   0084           00244                 MOVWF           FSR                     ;
009E                  00245 main6
009E   0800           00246                 MOVF            INDF,0          ;
009F   0088           00247                 MOVWF           PORTD           ;
00A0   2???           00248                 CALL            seg1            ;
00A1   0188           00249                 CLRF            PORTD           ;
MPASM  5.51                    16F887TEMP.ASM   10-10-2016  12:39:24         PAGE  6


LOC  OBJECT CODE     LINE SOURCE TEXT
  VALUE

00A2   2???           00250                 CALL            seg1            ;
00A3   1103           00251                 BCF                     STATUS,Z        ;
00A4   302B           00252                 MOVLW           0x2B            ;
00A5   0604           00253                 XORWF           FSR,0           ;
00A6   1903           00254                 BTFSC           STATUS,Z        ;
00A7   2???           00255                 GOTO            main7           ;
00A8   0A84           00256                 INCF            FSR,1           ;
00A9   2???           00257                 GOTO            main6           ;
00AA                  00258 main7
00AA   3024           00259                 MOVLW           0x24            ;
00AB   0084           00260                 MOVWF           FSR                     ;
00AC   0188           00261                 CLRF            PORTD           ;
00AD   2???           00262                 CALL            seg1            ;
00AE   30FF           00263                 MOVLW           0xFF            ;
00AF   0088           00264                 MOVWF           PORTD           ;
00B0   2???           00265                 CALL            seg1            ;
00B1   0188           00266                 CLRF            PORTD           ;
00B2   2???           00267                 CALL            seg1            ;
00B3   30FF           00268                 MOVLW           0xFF            ;
00B4   0088           00269                 MOVWF           PORTD           ;
00B5   2???           00270                 CALL            seg1            ;
00B6   0188           00271                 CLRF            PORTD           ;
00B7   2???           00272                 CALL            seg1            ;
00B8   30FF           00273                 MOVLW           0xFF            ;
00B9   0088           00274                 MOVWF           PORTD           ;
00BA   2???           00275                 CALL            seg1            ;
00BB   0188           00276                 CLRF            PORTD           ;
00BC   2???           00277                 CALL            seg1            ;
00BD   30FF           00278                 MOVLW           0xFF            ;
00BE   0088           00279                 MOVWF           PORTD           ;
00BF   2???           00280                 CALL            seg1            ;
00C0   2???           00281                 GOTO            main3           ;
                      00282 
                      00283         
                      00284 ;AREA DE SUBRUTINAS
                      00285 ;*******************************************************************************************************
                            ************************
                      00286 ;*******************************************************************************************************
                            ************************
                      00287 ;*******************************************************************************************************
                            ************************
                      00288 ;*******************************************************************************************************
                            ************************
                      00289 ;*******************************************************************************************************
                            ************************
                      00290 ;Subrutina que espera 1 segundo
                      00291 ;Variables de trabajo REG1, REG2 y REG3
00C1                  00292 seg1
00C1   1283 1303      00293         BANKSEL         PORTD                   ;
00C3   30FF           00294         MOVLW           0xFF                    ;
00C4   00A0           00295         MOVWF           REG1                    ;
00C5   00A1           00296         MOVWF           REG2                    ;
00C6   3003           00297         MOVLW           d'3'                    ;
MPASM  5.51                    16F887TEMP.ASM   10-10-2016  12:39:24         PAGE  7


LOC  OBJECT CODE     LINE SOURCE TEXT
  VALUE

00C7   00A2           00298         MOVWF           REG3                    ;
00C8                  00299 ciclo1
00C8   0BA0           00300         DECFSZ          REG1,1                  ;
00C9   2???           00301         GOTO            ciclo1                  ;
00CA   30FF           00302         MOVLW           0xFF                    ;
00CB   00A0           00303         MOVWF           REG1                    ;               
00CC   0BA1           00304         DECFSZ          REG2,1                  ;
00CD   2???           00305         GOTO            ciclo1                  ;
00CE   00A1           00306         MOVWF           REG2                    ;
Message[305]: Using default destination of 1 (file).
00CF   0BA2           00307         DECFSZ          REG3                    ;
00D0   2???           00308         GOTO            ciclo1                  ;
00D1   0008           00309         RETURN                                          ;
                      00310 ;*******************************************************************************************************
                            ************************
                      00311 ;Subrutina que espera 1 segundo
                      00312 ;Variables de trabajo REG1, REG2 y REG3
00D2                  00313 ms1
00D2   1283 1303      00314         BANKSEL         PORTD                   ;
00D4   30FF           00315         MOVLW           0xFF                    ;
00D5   00A0           00316         MOVWF           REG1                    ;
                      00317 ;       MOVWF           REG2                    ;
00D6   30F0           00318         MOVLW           d'240'                  ;
00D7   00A2           00319         MOVWF           REG3                    ;
00D8                  00320 ciclo2
00D8   0BA0           00321         DECFSZ          REG1,1                  ;
00D9   2???           00322         GOTO            ciclo2                  ;
00DA   30FF           00323         MOVLW           0xFF                    ;
00DB   00A0           00324         MOVWF           REG1                    ;               
00DC   0BA2           00325         DECFSZ          REG3,1                  ;
00DD   2???           00326         GOTO            ciclo2                  ;
                      00327 ;       MOVWF           REG2                    ;
                      00328 ;       DECFSZ          REG3                    ;
                      00329 ;       GOTO            ciclo1                  ;
00DE   0008           00330         RETURN                                          ;
                      00331 
                      00332 
                      00333 
                      00334 ; example of preloading EEPROM locations
                      00335 
                      00336         ORG     0x2100
2100   0005 0004 0003 00337         DE      5, 4, 3, 2, 1
       0002 0001 
                      00338 
28E4 3EFF             00339         END                       ; directive 'end of program'
MPASM  5.51                    16F887TEMP.ASM   10-10-2016  12:39:24         PAGE  8


SYMBOL TABLE
  LABEL                             VALUE 

ABDEN                             00000000
ABDOVF                            00000007
ACKDT                             00000005
ACKEN                             00000004
ACKSTAT                           00000006
ADCON0                            0000001F
ADCON1                            0000009F
ADCS0                             00000006
ADCS1                             00000007
ADDEN                             00000003
ADFM                              00000007
ADIE                              00000006
ADIF                              00000006
ADON                              00000000
ADRESH                            0000001E
ADRESL                            0000009E
ANS0                              00000000
ANS1                              00000001
ANS10                             00000002
ANS11                             00000003
ANS12                             00000004
ANS13                             00000005
ANS2                              00000002
ANS3                              00000003
ANS4                              00000004
ANS5                              00000005
ANS6                              00000006
ANS7                              00000007
ANS8                              00000000
ANS9                              00000001
ANSEL                             00000188
ANSELH                            00000189
BAUDCTL                           00000187
BCLIE                             00000003
BCLIF                             00000003
BF                                00000000
BRG0                              00000000
BRG1                              00000001
BRG10                             00000002
BRG11                             00000003
BRG12                             00000004
BRG13                             00000005
BRG14                             00000006
BRG15                             00000007
BRG16                             00000003
BRG2                              00000002
BRG3                              00000003
BRG4                              00000004
BRG5                              00000005
BRG6                              00000006
BRG7                              00000007
BRG8                              00000000
BRG9                              00000001
MPASM  5.51                    16F887TEMP.ASM   10-10-2016  12:39:24         PAGE  9


SYMBOL TABLE
  LABEL                             VALUE 

BRGH                              00000002
C                                 00000000
C1CH0                             00000000
C1CH1                             00000001
C1IE                              00000005
C1IF                              00000005
C1OE                              00000005
C1ON                              00000007
C1OUT                             00000006
C1POL                             00000004
C1R                               00000002
C1RSEL                            00000005
C1SEN                             00000005
C2CH0                             00000000
C2CH1                             00000001
C2IE                              00000006
C2IF                              00000006
C2OE                              00000005
C2ON                              00000007
C2OUT                             00000006
C2POL                             00000004
C2R                               00000002
C2REN                             00000004
C2RSEL                            00000004
C2SYNC                            00000000
CCP1CON                           00000017
CCP1IE                            00000002
CCP1IF                            00000002
CCP1M0                            00000000
CCP1M1                            00000001
CCP1M2                            00000002
CCP1M3                            00000003
CCP1X                             00000005
CCP1Y                             00000004
CCP2CON                           0000001D
CCP2IE                            00000000
CCP2IF                            00000000
CCP2M0                            00000000
CCP2M1                            00000001
CCP2M2                            00000002
CCP2M3                            00000003
CCP2X                             00000005
CCP2Y                             00000004
CCPR1                             00000015
CCPR1H                            00000016
CCPR1L                            00000015
CCPR2                             0000001B
CCPR2H                            0000001C
CCPR2L                            0000001B
CHS0                              00000002
CHS1                              00000003
CHS2                              00000004
CHS3                              00000005
MPASM  5.51                    16F887TEMP.ASM   10-10-2016  12:39:24         PAGE 10


SYMBOL TABLE
  LABEL                             VALUE 

CKE                               00000006
CKP                               00000004
CM1CON0                           00000107
CM2CON0                           00000108
CM2CON1                           00000109
CREN                              00000004
CSRC                              00000007
D                                 00000005
DATA_ADDRESS                      00000005
DC                                00000001
DC1B0                             00000004
DC1B1                             00000005
DC2B0                             00000004
DC2B1                             00000005
D_A                               00000005
D_NOT_A                           00000005
ECCPAS                            0000009C
ECCPAS0                           00000004
ECCPAS1                           00000005
ECCPAS2                           00000006
ECCPASE                           00000007
EEADR                             0000010D
EEADRH                            0000010F
EECON1                            0000018C
EECON2                            0000018D
EEDAT                             0000010C
EEDATA                            0000010C
EEDATH                            0000010E
EEIE                              00000004
EEIF                              00000004
EEPGD                             00000007
F                                 00000001
FERR                              00000002
FSR                               00000004
FVREN                             00000000
GCEN                              00000007
GIE                               00000007
GO                                00000001
GO_DONE                           00000001
GO_NOT_DONE                       00000001
HTS                               00000002
I2C_DATA                          00000005
I2C_READ                          00000002
I2C_START                         00000003
I2C_STOP                          00000004
INDF                              00000000
INTCON                            0000000B
INTE                              00000004
INTEDG                            00000006
INTF                              00000001
IOCB                              00000096
IOCB0                             00000000
IOCB1                             00000001
MPASM  5.51                    16F887TEMP.ASM   10-10-2016  12:39:24         PAGE 11


SYMBOL TABLE
  LABEL                             VALUE 

IOCB2                             00000002
IOCB3                             00000003
IOCB4                             00000004
IOCB5                             00000005
IOCB6                             00000006
IOCB7                             00000007
IRCF0                             00000004
IRCF1                             00000005
IRCF2                             00000006
IRP                               00000007
LTS                               00000001
MC1OUT                            00000007
MC2OUT                            00000006
MSK                               00000093
MSK0                              00000000
MSK1                              00000001
MSK2                              00000002
MSK3                              00000003
MSK4                              00000004
MSK5                              00000005
MSK6                              00000006
MSK7                              00000007
NOT_A                             00000005
NOT_ADDRESS                       00000005
NOT_BO                            00000000
NOT_BOR                           00000000
NOT_DONE                          00000001
NOT_PD                            00000003
NOT_POR                           00000001
NOT_RBPU                          00000007
NOT_RC8                           00000006
NOT_T1SYNC                        00000002
NOT_TO                            00000004
NOT_TX8                           00000006
NOT_W                             00000002
NOT_WRITE                         00000002
OERR                              00000001
OPTION_REG                        00000081
OSCCON                            0000008F
OSCTUNE                           00000090
OSFIE                             00000007
OSFIF                             00000007
OSTS                              00000003
P                                 00000004
P1M0                              00000006
P1M1                              00000007
PCL                               00000002
PCLATH                            0000000A
PCON                              0000008E
PDC0                              00000000
PDC1                              00000001
PDC2                              00000002
PDC3                              00000003
MPASM  5.51                    16F887TEMP.ASM   10-10-2016  12:39:24         PAGE 12


SYMBOL TABLE
  LABEL                             VALUE 

PDC4                              00000004
PDC5                              00000005
PDC6                              00000006
PEIE                              00000006
PEN                               00000002
PIE1                              0000008C
PIE2                              0000008D
PIR1                              0000000C
PIR2                              0000000D
PORTA                             00000005
PORTB                             00000006
PORTC                             00000007
PORTD                             00000008
PORTE                             00000009
PR2                               00000092
PRSEN                             00000007
PS0                               00000000
PS1                               00000001
PS2                               00000002
PSA                               00000003
PSSAC0                            00000002
PSSAC1                            00000003
PSSBD0                            00000000
PSSBD1                            00000001
PSTRCON                           0000009D
PULSR                             00000002
PULSS                             00000003
PWM1CON                           0000009B
R                                 00000002
RA0                               00000000
RA1                               00000001
RA2                               00000002
RA3                               00000003
RA4                               00000004
RA5                               00000005
RA6                               00000006
RA7                               00000007
RB0                               00000000
RB1                               00000001
RB2                               00000002
RB3                               00000003
RB4                               00000004
RB5                               00000005
RB6                               00000006
RB7                               00000007
RBIE                              00000003
RBIF                              00000000
RC0                               00000000
RC1                               00000001
RC2                               00000002
RC3                               00000003
RC4                               00000004
RC5                               00000005
MPASM  5.51                    16F887TEMP.ASM   10-10-2016  12:39:24         PAGE 13


SYMBOL TABLE
  LABEL                             VALUE 

RC6                               00000006
RC7                               00000007
RC8_9                             00000006
RC9                               00000006
RCD8                              00000000
RCEN                              00000003
RCIDL                             00000006
RCIE                              00000005
RCIF                              00000005
RCREG                             0000001A
RCSTA                             00000018
RD                                00000000
RD0                               00000000
RD1                               00000001
RD2                               00000002
RD3                               00000003
RD4                               00000004
RD5                               00000005
RD6                               00000006
RD7                               00000007
RE0                               00000000
RE1                               00000001
RE2                               00000002
RE3                               00000003
READ_WRITE                        00000002
REG1                              00000020
REG2                              00000021
REG3                              00000022
RP0                               00000005
RP1                               00000006
RSEN                              00000001
RX9                               00000006
RX9D                              00000000
R_NOT_W                           00000002
R_W                               00000002
S                                 00000003
SBOREN                            00000004
SCKP                              00000004
SCS                               00000000
SEN                               00000000
SENDB                             00000003
SMP                               00000007
SPBRG                             00000099
SPBRGH                            0000009A
SPEN                              00000007
SR0                               00000006
SR1                               00000007
SRCON                             00000185
SREN                              00000005
SSPADD                            00000093
SSPBUF                            00000013
SSPCON                            00000014
SSPCON2                           00000091
MPASM  5.51                    16F887TEMP.ASM   10-10-2016  12:39:24         PAGE 14


SYMBOL TABLE
  LABEL                             VALUE 

SSPEN                             00000005
SSPIE                             00000003
SSPIF                             00000003
SSPM0                             00000000
SSPM1                             00000001
SSPM2                             00000002
SSPM3                             00000003
SSPMSK                            00000093
SSPOV                             00000006
SSPSTAT                           00000094
STATUS                            00000003
STRA                              00000000
STRB                              00000001
STRC                              00000002
STRD                              00000003
STRSYNC                           00000004
SWDTEN                            00000000
SYNC                              00000004
T0CS                              00000005
T0IE                              00000005
T0IF                              00000002
T0SE                              00000004
T1CKPS0                           00000004
T1CKPS1                           00000005
T1CON                             00000010
T1GINV                            00000007
T1GIV                             00000007
T1GSS                             00000001
T1INSYNC                          00000002
T1OSCEN                           00000003
T1SYNC                            00000002
T2CKPS0                           00000000
T2CKPS1                           00000001
T2CON                             00000012
TMR0                              00000001
TMR0IE                            00000005
TMR0IF                            00000002
TMR1                              0000000E
TMR1CS                            00000001
TMR1GE                            00000006
TMR1H                             0000000F
TMR1IE                            00000000
TMR1IF                            00000000
TMR1L                             0000000E
TMR1ON                            00000000
TMR2                              00000011
TMR2IE                            00000001
TMR2IF                            00000001
TMR2ON                            00000002
TOUTPS0                           00000003
TOUTPS1                           00000004
TOUTPS2                           00000005
TOUTPS3                           00000006
MPASM  5.51                    16F887TEMP.ASM   10-10-2016  12:39:24         PAGE 15


SYMBOL TABLE
  LABEL                             VALUE 

TRISA                             00000085
TRISA0                            00000000
TRISA1                            00000001
TRISA2                            00000002
TRISA3                            00000003
TRISA4                            00000004
TRISA5                            00000005
TRISA6                            00000006
TRISA7                            00000007
TRISB                             00000086
TRISB0                            00000000
TRISB1                            00000001
TRISB2                            00000002
TRISB3                            00000003
TRISB4                            00000004
TRISB5                            00000005
TRISB6                            00000006
TRISB7                            00000007
TRISC                             00000087
TRISC0                            00000000
TRISC1                            00000001
TRISC2                            00000002
TRISC3                            00000003
TRISC4                            00000004
TRISC5                            00000005
TRISC6                            00000006
TRISC7                            00000007
TRISD                             00000088
TRISD0                            00000000
TRISD1                            00000001
TRISD2                            00000002
TRISD3                            00000003
TRISD4                            00000004
TRISD5                            00000005
TRISD6                            00000006
TRISD7                            00000007
TRISE                             00000089
TRISE0                            00000000
TRISE1                            00000001
TRISE2                            00000002
TRISE3                            00000003
TRMT                              00000001
TUN0                              00000000
TUN1                              00000001
TUN2                              00000002
TUN3                              00000003
TUN4                              00000004
TX8_9                             00000006
TX9                               00000006
TX9D                              00000000
TXD8                              00000000
TXEN                              00000005
TXIE                              00000004
MPASM  5.51                    16F887TEMP.ASM   10-10-2016  12:39:24         PAGE 16


SYMBOL TABLE
  LABEL                             VALUE 

TXIF                              00000004
TXREG                             00000019
TXSTA                             00000098
UA                                00000001
ULPWUE                            00000005
ULPWUIE                           00000002
ULPWUIF                           00000002
VCFG0                             00000004
VCFG1                             00000005
VR0                               00000000
VR1                               00000001
VR2                               00000002
VR3                               00000003
VRCON                             00000097
VREN                              00000007
VROE                              00000006
VRR                               00000005
VRSS                              00000004
W                                 00000000
WCOL                              00000007
WDTCON                            00000105
WDTPS0                            00000001
WDTPS1                            00000002
WDTPS2                            00000003
WDTPS3                            00000004
WPUB                              00000095
WPUB0                             00000000
WPUB1                             00000001
WPUB2                             00000002
WPUB3                             00000003
WPUB4                             00000004
WPUB5                             00000005
WPUB6                             00000006
WPUB7                             00000007
WR                                00000001
WREN                              00000002
WRERR                             00000003
WUE                               00000001
Z                                 00000002
_BOR21V                           00003EFF
_BOR40V                           00003FFF
_BOR4V_BOR21V                     00003EFF
_BOR4V_BOR40V                     00003FFF
_BOREN_NSLEEP                     00003EFF
_BOREN_OFF                        00003CFF
_BOREN_ON                         00003FFF
_BOREN_SBODEN                     00003DFF
_BOR_NSLEEP                       00003EFF
_BOR_OFF                          00003CFF
_BOR_ON                           00003FFF
_BOR_SBODEN                       00003DFF
_CONFIG1                          00002007
_CONFIG2                          00002008
MPASM  5.51                    16F887TEMP.ASM   10-10-2016  12:39:24         PAGE 17


SYMBOL TABLE
  LABEL                             VALUE 

_CPD_OFF                          00003FFF
_CPD_ON                           00003F7F
_CP_OFF                           00003FFF
_CP_ON                            00003FBF
_DEBUG_OFF                        00003FFF
_DEBUG_ON                         00001FFF
_DEVID1                           00002006
_EC_OSC                           00003FFB
_EXTRC                            00003FFF
_EXTRCIO                          00003FFE
_EXTRC_OSC_CLKOUT                 00003FFF
_EXTRC_OSC_NOCLKOUT               00003FFE
_FCMEN_OFF                        000037FF
_FCMEN_ON                         00003FFF
_FOSC_EC                          00003FFB
_FOSC_EXTRC_CLKOUT                00003FFF
_FOSC_EXTRC_NOCLKOUT              00003FFE
_FOSC_HS                          00003FFA
_FOSC_INTRC_CLKOUT                00003FFD
_FOSC_INTRC_NOCLKOUT              00003FFC
_FOSC_LP                          00003FF8
_FOSC_XT                          00003FF9
_HS_OSC                           00003FFA
_IDLOC0                           00002000
_IDLOC1                           00002001
_IDLOC2                           00002002
_IDLOC3                           00002003
_IESO_OFF                         00003BFF
_IESO_ON                          00003FFF
_INTOSC                           00003FFD
_INTOSCIO                         00003FFC
_INTRC_OSC_CLKOUT                 00003FFD
_INTRC_OSC_NOCLKOUT               00003FFC
_LP_OSC                           00003FF8
_LVP_OFF                          00002FFF
_LVP_ON                           00003FFF
_MCLRE_OFF                        00003FDF
_MCLRE_ON                         00003FFF
_PWRTE_OFF                        00003FFF
_PWRTE_ON                         00003FEF
_WDTE_OFF                         00003FF7
_WDTE_ON                          00003FFF
_WDT_OFF                          00003FF7
_WDT_ON                           00003FFF
_WRT_1FOURTH                      00003BFF
_WRT_256                          00003DFF
_WRT_HALF                         000039FF
_WRT_OFF                          00003FFF
_XT_OSC                           00003FF9
__16F887                          00000001
__DEBUG                           1
__MPLAB_DEBUGGER_PICKIT2          1
ciclo1                            000000C8
MPASM  5.51                    16F887TEMP.ASM   10-10-2016  12:39:24         PAGE 18


SYMBOL TABLE
  LABEL                             VALUE 

ciclo2                            000000D8
conv                              00000023
ld0                               00000050
ld1                               00000056
ld2                               0000005C
ld3                               00000062
ld4                               00000068
ld5                               0000006E
main                              00000010
main1                             00000027
main2                             00000074
main3                             00000024
main4                             0000007F
main5                             0000008D
main6                             0000009E
main7                             000000AA
ms1                               000000D2
pclath_temp                       0000007F
seg1                              000000C1
status_temp                       0000007E
w_temp                            0000007D

Errors   :     0
Warnings :     0 reported,     0 suppressed
Messages :     7 reported,     0 suppressed

